0 info it worked if it ends with ok
1 verbose cli [ 'D:\\node\\\\node.exe',
1 verbose cli   'D:\\node\\node_modules\\npm\\bin\\npm-cli.js',
1 verbose cli   'start' ]
2 info using npm@2.9.1
3 info using node@v0.12.3
4 verbose node symlink D:\node\\node.exe
5 verbose stack Error: Failed to parse json
5 verbose stack Unexpected token 's' at 7:6
5 verbose stack     "stop": "killall -0 node"
5 verbose stack      ^
5 verbose stack     at parseError (D:\node\node_modules\npm\node_modules\read-package-json\read-json.js:379:11)
5 verbose stack     at parseJson (D:\node\node_modules\npm\node_modules\read-package-json\read-json.js:68:23)
5 verbose stack     at D:\node\node_modules\npm\node_modules\read-package-json\read-json.js:48:5
5 verbose stack     at evalmachine.<anonymous>:334:14
5 verbose stack     at D:\node\node_modules\npm\node_modules\graceful-fs\graceful-fs.js:102:5
5 verbose stack     at FSReqWrap.oncomplete (evalmachine.<anonymous>:95:15)
6 verbose cwd C:\Users\Dan\Desktop\linodechatapp
7 error Windows_NT 6.1.7601
8 error argv "D:\\node\\\\node.exe" "D:\\node\\node_modules\\npm\\bin\\npm-cli.js" "start"
9 error node v0.12.3
10 error npm  v2.9.1
11 error file C:\Users\Dan\Desktop\linodechatapp\package.json
12 error code EJSONPARSE
13 error Failed to parse json
13 error Unexpected token 's' at 7:6
13 error     "stop": "killall -0 node"
13 error      ^
14 error File: C:\Users\Dan\Desktop\linodechatapp\package.json
15 error Failed to parse package.json data.
15 error package.json must be actual JSON, not just JavaScript.
15 error
15 error This is not a bug in npm.
15 error Tell the package author to fix their package.json file. JSON.parse
16 verbose exit [ 1, true ]
